-- Install configuration: ""
-- Up-to-date: /home/ubunt2/Documents/arm_vr/install/arm_vr/share/arm_vr
-- Up-to-date: /home/ubunt2/Documents/arm_vr/install/arm_vr/share/arm_vr/so101_bridge.launch.py
-- Up-to-date: /home/ubunt2/Documents/arm_vr/install/arm_vr/share/arm_vr/display.arm.launch.py
-- Up-to-date: /home/ubunt2/Documents/arm_vr/install/arm_vr/share/arm_vr/meshes
-- Up-to-date: /home/ubunt2/Documents/arm_vr/install/arm_vr/share/arm_vr/meshes/robot_world_tmp_probe.mjcf
-- Up-to-date: /home/ubunt2/Documents/arm_vr/install/arm_vr/share/arm_vr/meshes/base_motor_holder_so101_v1.part
-- Up-to-date: /home/ubunt2/Documents/arm_vr/install/arm_vr/share/arm_vr/meshes/motor_holder_so101_base_v1.stl
-- Up-to-date: /home/ubunt2/Documents/arm_vr/install/arm_vr/share/arm_vr/meshes/wrist_roll_pitch_so101_v2.stl
-- Up-to-date: /home/ubunt2/Documents/arm_vr/install/arm_vr/share/arm_vr/meshes/rotation_pitch_so101_v1.stl
-- Up-to-date: /home/ubunt2/Documents/arm_vr/install/arm_vr/share/arm_vr/meshes/motor_holder_so101_wrist_v1.stl
-- Up-to-date: /home/ubunt2/Documents/arm_vr/install/arm_vr/share/arm_vr/meshes/base_link.STL
-- Up-to-date: /home/ubunt2/Documents/arm_vr/install/arm_vr/share/arm_vr/meshes/under_arm_so101_v1.stl
-- Up-to-date: /home/ubunt2/Documents/arm_vr/install/arm_vr/share/arm_vr/meshes/wrist_roll_follower_so101_v1.stl
-- Up-to-date: /home/ubunt2/Documents/arm_vr/install/arm_vr/share/arm_vr/meshes/rotation_pitch_so101_v1.part
-- Up-to-date: /home/ubunt2/Documents/arm_vr/install/arm_vr/share/arm_vr/meshes/sts3215_03a_no_horn_v1.part
-- Up-to-date: /home/ubunt2/Documents/arm_vr/install/arm_vr/share/arm_vr/meshes/wrist_roll_pitch_so101_v2.part
-- Up-to-date: /home/ubunt2/Documents/arm_vr/install/arm_vr/share/arm_vr/meshes/base_so101_v2.part
-- Up-to-date: /home/ubunt2/Documents/arm_vr/install/arm_vr/share/arm_vr/meshes/plug.stl
-- Up-to-date: /home/ubunt2/Documents/arm_vr/install/arm_vr/share/arm_vr/meshes/sts3215_03a_v1.part
-- Up-to-date: /home/ubunt2/Documents/arm_vr/install/arm_vr/share/arm_vr/meshes/sts3215_03a_no_horn_v1.stl
-- Up-to-date: /home/ubunt2/Documents/arm_vr/install/arm_vr/share/arm_vr/meshes/wrist_roll_follower_so101_v1.part
-- Up-to-date: /home/ubunt2/Documents/arm_vr/install/arm_vr/share/arm_vr/meshes/motor_holder_so101_base_v1.part
-- Up-to-date: /home/ubunt2/Documents/arm_vr/install/arm_vr/share/arm_vr/meshes/upper_arm_so101_v1.part
-- Up-to-date: /home/ubunt2/Documents/arm_vr/install/arm_vr/share/arm_vr/meshes/waveshare_mounting_plate_so101_v2.part
-- Up-to-date: /home/ubunt2/Documents/arm_vr/install/arm_vr/share/arm_vr/meshes/sts3215_03a_v1.stl
-- Up-to-date: /home/ubunt2/Documents/arm_vr/install/arm_vr/share/arm_vr/meshes/moving_jaw_so101_v1.part
-- Up-to-date: /home/ubunt2/Documents/arm_vr/install/arm_vr/share/arm_vr/meshes/base_motor_holder_so101_v1.stl
-- Up-to-date: /home/ubunt2/Documents/arm_vr/install/arm_vr/share/arm_vr/meshes/plug_collision.stl
-- Up-to-date: /home/ubunt2/Documents/arm_vr/install/arm_vr/share/arm_vr/meshes/wrist_roll_follower_so101_v1_nocamera.stl
-- Up-to-date: /home/ubunt2/Documents/arm_vr/install/arm_vr/share/arm_vr/meshes/upper_arm_so101_v1.stl
-- Up-to-date: /home/ubunt2/Documents/arm_vr/install/arm_vr/share/arm_vr/meshes/under_arm_so101_v1.part
-- Up-to-date: /home/ubunt2/Documents/arm_vr/install/arm_vr/share/arm_vr/meshes/motor_holder_so101_wrist_v1.part
-- Up-to-date: /home/ubunt2/Documents/arm_vr/install/arm_vr/share/arm_vr/meshes/waveshare_mounting_plate_so101_v2.stl
-- Up-to-date: /home/ubunt2/Documents/arm_vr/install/arm_vr/share/arm_vr/meshes/base_so101_v2.stl
-- Up-to-date: /home/ubunt2/Documents/arm_vr/install/arm_vr/share/arm_vr/meshes/moving_jaw_so101_v1.stl
-- Up-to-date: /home/ubunt2/Documents/arm_vr/install/arm_vr/share/arm_vr/urdf
-- Up-to-date: /home/ubunt2/Documents/arm_vr/install/arm_vr/share/arm_vr/urdf/so101_follower.urdf
-- Up-to-date: /home/ubunt2/Documents/arm_vr/install/arm_vr/share/arm_vr/urdf/so101_follower_pybullet.urdf
-- Up-to-date: /home/ubunt2/Documents/arm_vr/install/arm_vr/share/arm_vr/config
-- Up-to-date: /home/ubunt2/Documents/arm_vr/install/arm_vr/share/arm_vr/config/right_arm.json
-- Up-to-date: /home/ubunt2/Documents/arm_vr/install/arm_vr/share/arm_vr/config/left_arm.json
-- Up-to-date: /home/ubunt2/Documents/arm_vr/install/arm_vr/share/arm_vr/src
-- Up-to-date: /home/ubunt2/Documents/arm_vr/install/arm_vr/share/arm_vr/src/so101.py
-- Up-to-date: /home/ubunt2/Documents/arm_vr/install/arm_vr/share/arm_vr/src/teleop.py
-- Up-to-date: /home/ubunt2/Documents/arm_vr/install/arm_vr/share/arm_vr/src/__pycache__
-- Up-to-date: /home/ubunt2/Documents/arm_vr/install/arm_vr/share/arm_vr/src/so101_bridge.py
-- Up-to-date: /home/ubunt2/Documents/arm_vr/install/arm_vr/share/arm_vr/src/zero_arms.py
-- Up-to-date: /home/ubunt2/Documents/arm_vr/install/arm_vr/share/arm_vr/src/so101_bridge_left.py
-- Up-to-date: /home/ubunt2/Documents/arm_vr/install/arm_vr/share/arm_vr/src/tcp_wireless_ros.py
-- Up-to-date: /home/ubunt2/Documents/arm_vr/install/arm_vr/share/arm_vr/src/so101_kinematics.py
-- Up-to-date: /home/ubunt2/Documents/arm_vr/install/arm_vr/share/arm_vr/src/teleop_bullet.py
-- Up-to-date: /home/ubunt2/Documents/arm_vr/install/arm_vr/share/arm_vr/src/so101_bridge_right.py
-- Up-to-date: /home/ubunt2/Documents/arm_vr/install/arm_vr/share/arm_vr/src/teleoperation.py
-- Up-to-date: /home/ubunt2/Documents/arm_vr/install/arm_vr/lib/arm_vr/so101_bridge
-- Up-to-date: /home/ubunt2/Documents/arm_vr/install/arm_vr/lib/arm_vr/teleoperation
-- Up-to-date: /home/ubunt2/Documents/arm_vr/install/arm_vr/share/ament_index/resource_index/package_run_dependencies/arm_vr
-- Up-to-date: /home/ubunt2/Documents/arm_vr/install/arm_vr/share/ament_index/resource_index/parent_prefix_path/arm_vr
-- Up-to-date: /home/ubunt2/Documents/arm_vr/install/arm_vr/share/arm_vr/environment/ament_prefix_path.sh
-- Up-to-date: /home/ubunt2/Documents/arm_vr/install/arm_vr/share/arm_vr/environment/ament_prefix_path.dsv
-- Up-to-date: /home/ubunt2/Documents/arm_vr/install/arm_vr/share/arm_vr/environment/path.sh
-- Up-to-date: /home/ubunt2/Documents/arm_vr/install/arm_vr/share/arm_vr/environment/path.dsv
-- Up-to-date: /home/ubunt2/Documents/arm_vr/install/arm_vr/share/arm_vr/local_setup.bash
-- Up-to-date: /home/ubunt2/Documents/arm_vr/install/arm_vr/share/arm_vr/local_setup.sh
-- Up-to-date: /home/ubunt2/Documents/arm_vr/install/arm_vr/share/arm_vr/local_setup.zsh
-- Up-to-date: /home/ubunt2/Documents/arm_vr/install/arm_vr/share/arm_vr/local_setup.dsv
-- Up-to-date: /home/ubunt2/Documents/arm_vr/install/arm_vr/share/arm_vr/package.dsv
-- Up-to-date: /home/ubunt2/Documents/arm_vr/install/arm_vr/share/ament_index/resource_index/packages/arm_vr
-- Up-to-date: /home/ubunt2/Documents/arm_vr/install/arm_vr/share/arm_vr/cmake/arm_vrConfig.cmake
-- Up-to-date: /home/ubunt2/Documents/arm_vr/install/arm_vr/share/arm_vr/cmake/arm_vrConfig-version.cmake
-- Up-to-date: /home/ubunt2/Documents/arm_vr/install/arm_vr/share/arm_vr/package.xml
