[0.120s] DEBUG:colcon:Command line arguments: ['/usr/bin/colcon', 'build']
[0.120s] DEBUG:colcon:Parsed command line arguments: Namespace(log_base=None, log_level=None, verb_name='build', build_base='build', install_base='install', merge_install=False, symlink_install=False, test_result_base=None, continue_on_error=False, executor='parallel', parallel_workers=6, event_handlers=None, ignore_user_meta=False, metas=['./colcon.meta'], base_paths=['.'], packages_ignore=None, packages_ignore_regex=None, paths=None, packages_up_to=None, packages_up_to_regex=None, packages_above=None, packages_above_and_dependencies=None, packages_above_depth=None, packages_select_by_dep=None, packages_skip_by_dep=None, packages_skip_up_to=None, packages_select_build_failed=False, packages_skip_build_finished=False, packages_select_test_failures=False, packages_skip_test_passed=False, packages_select=None, packages_skip=None, packages_select_regex=None, packages_skip_regex=None, packages_start=None, packages_end=None, allow_overriding=[], cmake_args=None, cmake_target=None, cmake_target_skip_unavailable=False, cmake_clean_cache=False, cmake_clean_first=False, cmake_force_configure=False, ament_cmake_args=None, catkin_cmake_args=None, catkin_skip_building_tests=False, verb_parser=<colcon_defaults.argument_parser.defaults.DefaultArgumentsDecorator object at 0x736ece3ebe50>, verb_extension=<colcon_core.verb.build.BuildVerb object at 0x736ece3eb850>, main=<bound method BuildVerb.main of <colcon_core.verb.build.BuildVerb object at 0x736ece3eb850>>)
[0.305s] Level 1:colcon.colcon_core.package_discovery:discover_packages(colcon_meta) check parameters
[0.305s] Level 1:colcon.colcon_core.package_discovery:discover_packages(recursive) check parameters
[0.305s] Level 1:colcon.colcon_core.package_discovery:discover_packages(ignore) check parameters
[0.305s] Level 1:colcon.colcon_core.package_discovery:discover_packages(path) check parameters
[0.306s] Level 1:colcon.colcon_core.package_discovery:discover_packages(colcon_meta) discover
[0.306s] Level 1:colcon.colcon_core.package_discovery:discover_packages(recursive) discover
[0.306s] INFO:colcon.colcon_core.package_discovery:Crawling recursively for packages in '/home/ubunt2/Documents/arm_vr'
[0.306s] Level 1:colcon.colcon_core.package_identification:_identify(.) by extensions ['ignore', 'ignore_ament_install']
[0.306s] Level 1:colcon.colcon_core.package_identification:_identify(.) by extension 'ignore'
[0.306s] Level 1:colcon.colcon_core.package_identification:_identify(.) by extension 'ignore_ament_install'
[0.306s] Level 1:colcon.colcon_core.package_identification:_identify(.) by extensions ['colcon_pkg']
[0.306s] Level 1:colcon.colcon_core.package_identification:_identify(.) by extension 'colcon_pkg'
[0.306s] Level 1:colcon.colcon_core.package_identification:_identify(.) by extensions ['colcon_meta']
[0.306s] Level 1:colcon.colcon_core.package_identification:_identify(.) by extension 'colcon_meta'
[0.306s] Level 1:colcon.colcon_core.package_identification:_identify(.) by extensions ['ros']
[0.306s] Level 1:colcon.colcon_core.package_identification:_identify(.) by extension 'ros'
[0.319s] DEBUG:colcon.colcon_core.package_identification:Package '.' with type 'ros.ament_cmake' and name 'arm_vr'
[0.320s] Level 1:colcon.colcon_core.package_discovery:discover_packages(recursive) using defaults
[0.320s] Level 1:colcon.colcon_core.package_discovery:discover_packages(ignore) discover
[0.320s] Level 1:colcon.colcon_core.package_discovery:discover_packages(ignore) using defaults
[0.320s] Level 1:colcon.colcon_core.package_discovery:discover_packages(path) discover
[0.320s] Level 1:colcon.colcon_core.package_discovery:discover_packages(path) using defaults
[0.340s] Level 1:colcon.colcon_core.package_discovery:discover_packages(prefix_path) check parameters
[0.340s] Level 1:colcon.colcon_core.package_discovery:discover_packages(prefix_path) discover
[0.342s] DEBUG:colcon.colcon_installed_package_information.package_discovery:Found 1 installed packages in /home/ubunt2/Documents/install
[0.344s] DEBUG:colcon.colcon_installed_package_information.package_discovery:Found 334 installed packages in /opt/ros/humble
[0.355s] Level 1:colcon.colcon_core.package_discovery:discover_packages(prefix_path) using defaults
[0.395s] Level 5:colcon.colcon_core.verb:set package 'arm_vr' build argument 'cmake_args' from command line to 'None'
[0.395s] Level 5:colcon.colcon_core.verb:set package 'arm_vr' build argument 'cmake_target' from command line to 'None'
[0.396s] Level 5:colcon.colcon_core.verb:set package 'arm_vr' build argument 'cmake_target_skip_unavailable' from command line to 'False'
[0.396s] Level 5:colcon.colcon_core.verb:set package 'arm_vr' build argument 'cmake_clean_cache' from command line to 'False'
[0.396s] Level 5:colcon.colcon_core.verb:set package 'arm_vr' build argument 'cmake_clean_first' from command line to 'False'
[0.396s] Level 5:colcon.colcon_core.verb:set package 'arm_vr' build argument 'cmake_force_configure' from command line to 'False'
[0.396s] Level 5:colcon.colcon_core.verb:set package 'arm_vr' build argument 'ament_cmake_args' from command line to 'None'
[0.396s] Level 5:colcon.colcon_core.verb:set package 'arm_vr' build argument 'catkin_cmake_args' from command line to 'None'
[0.396s] Level 5:colcon.colcon_core.verb:set package 'arm_vr' build argument 'catkin_skip_building_tests' from command line to 'False'
[0.396s] DEBUG:colcon.colcon_core.verb:Building package 'arm_vr' with the following arguments: {'ament_cmake_args': None, 'build_base': '/home/ubunt2/Documents/arm_vr/build/arm_vr', 'catkin_cmake_args': None, 'catkin_skip_building_tests': False, 'cmake_args': None, 'cmake_clean_cache': False, 'cmake_clean_first': False, 'cmake_force_configure': False, 'cmake_target': None, 'cmake_target_skip_unavailable': False, 'install_base': '/home/ubunt2/Documents/arm_vr/install/arm_vr', 'merge_install': False, 'path': '/home/ubunt2/Documents/arm_vr', 'symlink_install': False, 'test_result_base': None}
[0.396s] INFO:colcon.colcon_core.executor:Executing jobs using 'parallel' executor
[0.397s] DEBUG:colcon.colcon_parallel_executor.executor.parallel:run_until_complete
[0.397s] INFO:colcon.colcon_ros.task.ament_cmake.build:Building ROS package in '/home/ubunt2/Documents/arm_vr' with build type 'ament_cmake'
[0.397s] INFO:colcon.colcon_cmake.task.cmake.build:Building CMake package in '/home/ubunt2/Documents/arm_vr'
[0.399s] INFO:colcon.colcon_core.plugin_system:Skipping extension 'colcon_core.shell.bat': Not used on non-Windows systems
[0.400s] INFO:colcon.colcon_core.shell:Skip shell extension 'powershell' for command environment: Not usable outside of PowerShell
[0.400s] DEBUG:colcon.colcon_core.shell:Skip shell extension 'dsv' for command environment
[0.409s] DEBUG:colcon.colcon_core.event_handler.log_command:Invoking command in '/home/ubunt2/Documents/arm_vr/build/arm_vr': CMAKE_PREFIX_PATH=${CMAKE_PREFIX_PATH}:/opt/ros/humble CONDA_PROMPT_MODIFIER=(base) /usr/bin/cmake /home/ubunt2/Documents/arm_vr -DCMAKE_INSTALL_PREFIX=/home/ubunt2/Documents/arm_vr/install/arm_vr
[1.495s] DEBUG:colcon.colcon_core.event_handler.log_command:Invoked command in '/home/ubunt2/Documents/arm_vr/build/arm_vr' returned '0': CMAKE_PREFIX_PATH=${CMAKE_PREFIX_PATH}:/opt/ros/humble CONDA_PROMPT_MODIFIER=(base) /usr/bin/cmake /home/ubunt2/Documents/arm_vr -DCMAKE_INSTALL_PREFIX=/home/ubunt2/Documents/arm_vr/install/arm_vr
[1.496s] DEBUG:colcon.colcon_core.event_handler.log_command:Invoking command in '/home/ubunt2/Documents/arm_vr/build/arm_vr': CMAKE_PREFIX_PATH=${CMAKE_PREFIX_PATH}:/opt/ros/humble CONDA_PROMPT_MODIFIER=(base) /usr/bin/cmake --build /home/ubunt2/Documents/arm_vr/build/arm_vr -- -j6 -l6
[1.536s] DEBUG:colcon.colcon_core.event_handler.log_command:Invoked command in '/home/ubunt2/Documents/arm_vr/build/arm_vr' returned '0': CMAKE_PREFIX_PATH=${CMAKE_PREFIX_PATH}:/opt/ros/humble CONDA_PROMPT_MODIFIER=(base) /usr/bin/cmake --build /home/ubunt2/Documents/arm_vr/build/arm_vr -- -j6 -l6
[1.547s] DEBUG:colcon.colcon_core.event_handler.log_command:Invoking command in '/home/ubunt2/Documents/arm_vr/build/arm_vr': CMAKE_PREFIX_PATH=${CMAKE_PREFIX_PATH}:/opt/ros/humble CONDA_PROMPT_MODIFIER=(base) /usr/bin/cmake --install /home/ubunt2/Documents/arm_vr/build/arm_vr
[1.596s] Level 1:colcon.colcon_core.environment:create_environment_scripts_only(arm_vr)
[1.597s] DEBUG:colcon.colcon_core.event_handler.log_command:Invoked command in '/home/ubunt2/Documents/arm_vr/build/arm_vr' returned '0': CMAKE_PREFIX_PATH=${CMAKE_PREFIX_PATH}:/opt/ros/humble CONDA_PROMPT_MODIFIER=(base) /usr/bin/cmake --install /home/ubunt2/Documents/arm_vr/build/arm_vr
[1.601s] Level 1:colcon.colcon_core.environment:checking '/home/ubunt2/Documents/arm_vr/install/arm_vr' for CMake module files
[1.602s] Level 1:colcon.colcon_core.environment:checking '/home/ubunt2/Documents/arm_vr/install/arm_vr' for CMake config files
[1.602s] Level 1:colcon.colcon_core.shell:create_environment_hook('arm_vr', 'cmake_prefix_path')
[1.602s] INFO:colcon.colcon_core.shell:Creating environment hook '/home/ubunt2/Documents/arm_vr/install/arm_vr/share/arm_vr/hook/cmake_prefix_path.ps1'
[1.603s] INFO:colcon.colcon_core.shell:Creating environment descriptor '/home/ubunt2/Documents/arm_vr/install/arm_vr/share/arm_vr/hook/cmake_prefix_path.dsv'
[1.604s] INFO:colcon.colcon_core.shell:Creating environment hook '/home/ubunt2/Documents/arm_vr/install/arm_vr/share/arm_vr/hook/cmake_prefix_path.sh'
[1.605s] Level 1:colcon.colcon_core.environment:checking '/home/ubunt2/Documents/arm_vr/install/arm_vr/lib'
[1.605s] Level 1:colcon.colcon_core.environment:checking '/home/ubunt2/Documents/arm_vr/install/arm_vr/bin'
[1.605s] Level 1:colcon.colcon_core.environment:checking '/home/ubunt2/Documents/arm_vr/install/arm_vr/lib/pkgconfig/arm_vr.pc'
[1.606s] Level 1:colcon.colcon_core.environment:checking '/home/ubunt2/Documents/arm_vr/install/arm_vr/lib/python3.10/site-packages'
[1.606s] Level 1:colcon.colcon_core.environment:checking '/home/ubunt2/Documents/arm_vr/install/arm_vr/bin'
[1.606s] INFO:colcon.colcon_core.shell:Creating package script '/home/ubunt2/Documents/arm_vr/install/arm_vr/share/arm_vr/package.ps1'
[1.608s] INFO:colcon.colcon_core.shell:Creating package descriptor '/home/ubunt2/Documents/arm_vr/install/arm_vr/share/arm_vr/package.dsv'
[1.608s] INFO:colcon.colcon_core.shell:Creating package script '/home/ubunt2/Documents/arm_vr/install/arm_vr/share/arm_vr/package.sh'
[1.609s] INFO:colcon.colcon_core.shell:Creating package script '/home/ubunt2/Documents/arm_vr/install/arm_vr/share/arm_vr/package.bash'
[1.610s] INFO:colcon.colcon_core.shell:Creating package script '/home/ubunt2/Documents/arm_vr/install/arm_vr/share/arm_vr/package.zsh'
[1.611s] Level 1:colcon.colcon_core.environment:create_file_with_runtime_dependencies(/home/ubunt2/Documents/arm_vr/install/arm_vr/share/colcon-core/packages/arm_vr)
[1.613s] Level 1:colcon.colcon_core.environment:create_environment_scripts_only(arm_vr)
[1.613s] Level 1:colcon.colcon_core.environment:checking '/home/ubunt2/Documents/arm_vr/install/arm_vr' for CMake module files
[1.614s] Level 1:colcon.colcon_core.environment:checking '/home/ubunt2/Documents/arm_vr/install/arm_vr' for CMake config files
[1.614s] Level 1:colcon.colcon_core.shell:create_environment_hook('arm_vr', 'cmake_prefix_path')
[1.614s] INFO:colcon.colcon_core.shell:Creating environment hook '/home/ubunt2/Documents/arm_vr/install/arm_vr/share/arm_vr/hook/cmake_prefix_path.ps1'
[1.615s] INFO:colcon.colcon_core.shell:Creating environment descriptor '/home/ubunt2/Documents/arm_vr/install/arm_vr/share/arm_vr/hook/cmake_prefix_path.dsv'
[1.615s] INFO:colcon.colcon_core.shell:Creating environment hook '/home/ubunt2/Documents/arm_vr/install/arm_vr/share/arm_vr/hook/cmake_prefix_path.sh'
[1.616s] Level 1:colcon.colcon_core.environment:checking '/home/ubunt2/Documents/arm_vr/install/arm_vr/lib'
[1.616s] Level 1:colcon.colcon_core.environment:checking '/home/ubunt2/Documents/arm_vr/install/arm_vr/bin'
[1.616s] Level 1:colcon.colcon_core.environment:checking '/home/ubunt2/Documents/arm_vr/install/arm_vr/lib/pkgconfig/arm_vr.pc'
[1.616s] Level 1:colcon.colcon_core.environment:checking '/home/ubunt2/Documents/arm_vr/install/arm_vr/lib/python3.10/site-packages'
[1.617s] Level 1:colcon.colcon_core.environment:checking '/home/ubunt2/Documents/arm_vr/install/arm_vr/bin'
[1.617s] INFO:colcon.colcon_core.shell:Creating package script '/home/ubunt2/Documents/arm_vr/install/arm_vr/share/arm_vr/package.ps1'
[1.618s] INFO:colcon.colcon_core.shell:Creating package descriptor '/home/ubunt2/Documents/arm_vr/install/arm_vr/share/arm_vr/package.dsv'
[1.618s] INFO:colcon.colcon_core.shell:Creating package script '/home/ubunt2/Documents/arm_vr/install/arm_vr/share/arm_vr/package.sh'
[1.618s] INFO:colcon.colcon_core.shell:Creating package script '/home/ubunt2/Documents/arm_vr/install/arm_vr/share/arm_vr/package.bash'
[1.621s] INFO:colcon.colcon_core.shell:Creating package script '/home/ubunt2/Documents/arm_vr/install/arm_vr/share/arm_vr/package.zsh'
[1.622s] Level 1:colcon.colcon_core.environment:create_file_with_runtime_dependencies(/home/ubunt2/Documents/arm_vr/install/arm_vr/share/colcon-core/packages/arm_vr)
[1.622s] DEBUG:colcon.colcon_parallel_executor.executor.parallel:closing loop
[1.622s] DEBUG:colcon.colcon_parallel_executor.executor.parallel:loop closed
[1.622s] DEBUG:colcon.colcon_parallel_executor.executor.parallel:run_until_complete finished with '0'
[1.623s] DEBUG:colcon.colcon_core.event_reactor:joining thread
[1.630s] INFO:colcon.colcon_core.plugin_system:Skipping extension 'colcon_notification.desktop_notification.terminal_notifier': Not used on non-Darwin systems
[1.630s] INFO:colcon.colcon_core.plugin_system:Skipping extension 'colcon_notification.desktop_notification.win32': Not used on non-Windows systems
[1.630s] INFO:colcon.colcon_notification.desktop_notification:Sending desktop notification using 'notify2'
[1.644s] DEBUG:colcon.colcon_core.event_reactor:joined thread
[1.644s] INFO:colcon.colcon_core.shell:Creating prefix script '/home/ubunt2/Documents/arm_vr/install/local_setup.ps1'
[1.645s] INFO:colcon.colcon_core.shell:Creating prefix util module '/home/ubunt2/Documents/arm_vr/install/_local_setup_util_ps1.py'
[1.647s] INFO:colcon.colcon_core.shell:Creating prefix chain script '/home/ubunt2/Documents/arm_vr/install/setup.ps1'
[1.648s] INFO:colcon.colcon_core.shell:Creating prefix script '/home/ubunt2/Documents/arm_vr/install/local_setup.sh'
[1.650s] INFO:colcon.colcon_core.shell:Creating prefix util module '/home/ubunt2/Documents/arm_vr/install/_local_setup_util_sh.py'
[1.651s] INFO:colcon.colcon_core.shell:Creating prefix chain script '/home/ubunt2/Documents/arm_vr/install/setup.sh'
[1.652s] INFO:colcon.colcon_core.shell:Creating prefix script '/home/ubunt2/Documents/arm_vr/install/local_setup.bash'
[1.654s] INFO:colcon.colcon_core.shell:Creating prefix chain script '/home/ubunt2/Documents/arm_vr/install/setup.bash'
[1.655s] INFO:colcon.colcon_core.shell:Creating prefix script '/home/ubunt2/Documents/arm_vr/install/local_setup.zsh'
[1.656s] INFO:colcon.colcon_core.shell:Creating prefix chain script '/home/ubunt2/Documents/arm_vr/install/setup.zsh'
