[0.018s] Invoking command in '/home/ubunt2/Documents/arm_vr/build/arm_vr': CMAKE_PREFIX_PATH=${CMAKE_PREFIX_PATH}:/opt/ros/humble CONDA_PROMPT_MODIFIER=(handtracking) /usr/bin/cmake --build /home/ubunt2/Documents/arm_vr/build/arm_vr -- -j6 -l6
[0.059s] Invoked command in '/home/ubunt2/Documents/arm_vr/build/arm_vr' returned '0': CMAKE_PREFIX_PATH=${CMAKE_PREFIX_PATH}:/opt/ros/humble CONDA_PROMPT_MODIFIER=(handtracking) /usr/bin/cmake --build /home/ubunt2/Documents/arm_vr/build/arm_vr -- -j6 -l6
[0.068s] Invoking command in '/home/ubunt2/Documents/arm_vr/build/arm_vr': CMAKE_PREFIX_PATH=${CMAKE_PREFIX_PATH}:/opt/ros/humble CONDA_PROMPT_MODIFIER=(handtracking) /usr/bin/cmake --install /home/ubunt2/Documents/arm_vr/build/arm_vr
[0.079s] -- Install configuration: ""
[0.079s] -- Up-to-date: /home/ubunt2/Documents/arm_vr/install/arm_vr/share/arm_vr
[0.079s] -- Up-to-date: /home/ubunt2/Documents/arm_vr/install/arm_vr/share/arm_vr/so101_bridge.launch.py
[0.079s] -- Up-to-date: /home/ubunt2/Documents/arm_vr/install/arm_vr/share/arm_vr/display.arm.launch.py
[0.079s] -- Up-to-date: /home/ubunt2/Documents/arm_vr/install/arm_vr/share/arm_vr/meshes
[0.079s] -- Up-to-date: /home/ubunt2/Documents/arm_vr/install/arm_vr/share/arm_vr/meshes/robot_world_tmp_probe.mjcf
[0.079s] -- Up-to-date: /home/ubunt2/Documents/arm_vr/install/arm_vr/share/arm_vr/meshes/base_motor_holder_so101_v1.part
[0.079s] -- Up-to-date: /home/ubunt2/Documents/arm_vr/install/arm_vr/share/arm_vr/meshes/motor_holder_so101_base_v1.stl
[0.080s] -- Up-to-date: /home/ubunt2/Documents/arm_vr/install/arm_vr/share/arm_vr/meshes/wrist_roll_pitch_so101_v2.stl
[0.080s] -- Up-to-date: /home/ubunt2/Documents/arm_vr/install/arm_vr/share/arm_vr/meshes/rotation_pitch_so101_v1.stl
[0.080s] -- Up-to-date: /home/ubunt2/Documents/arm_vr/install/arm_vr/share/arm_vr/meshes/motor_holder_so101_wrist_v1.stl
[0.080s] -- Up-to-date: /home/ubunt2/Documents/arm_vr/install/arm_vr/share/arm_vr/meshes/base_link.STL
[0.080s] -- Up-to-date: /home/ubunt2/Documents/arm_vr/install/arm_vr/share/arm_vr/meshes/under_arm_so101_v1.stl
[0.080s] -- Up-to-date: /home/ubunt2/Documents/arm_vr/install/arm_vr/share/arm_vr/meshes/wrist_roll_follower_so101_v1.stl
[0.080s] -- Up-to-date: /home/ubunt2/Documents/arm_vr/install/arm_vr/share/arm_vr/meshes/rotation_pitch_so101_v1.part
[0.080s] -- Up-to-date: /home/ubunt2/Documents/arm_vr/install/arm_vr/share/arm_vr/meshes/sts3215_03a_no_horn_v1.part
[0.080s] -- Up-to-date: /home/ubunt2/Documents/arm_vr/install/arm_vr/share/arm_vr/meshes/wrist_roll_pitch_so101_v2.part
[0.080s] -- Up-to-date: /home/ubunt2/Documents/arm_vr/install/arm_vr/share/arm_vr/meshes/base_so101_v2.part
[0.080s] -- Up-to-date: /home/ubunt2/Documents/arm_vr/install/arm_vr/share/arm_vr/meshes/plug.stl
[0.081s] -- Up-to-date: /home/ubunt2/Documents/arm_vr/install/arm_vr/share/arm_vr/meshes/sts3215_03a_v1.part
[0.081s] -- Up-to-date: /home/ubunt2/Documents/arm_vr/install/arm_vr/share/arm_vr/meshes/sts3215_03a_no_horn_v1.stl
[0.081s] -- Up-to-date: /home/ubunt2/Documents/arm_vr/install/arm_vr/share/arm_vr/meshes/wrist_roll_follower_so101_v1.part
[0.081s] -- Up-to-date: /home/ubunt2/Documents/arm_vr/install/arm_vr/share/arm_vr/meshes/motor_holder_so101_base_v1.part
[0.081s] -- Up-to-date: /home/ubunt2/Documents/arm_vr/install/arm_vr/share/arm_vr/meshes/upper_arm_so101_v1.part
[0.081s] -- Up-to-date: /home/ubunt2/Documents/arm_vr/install/arm_vr/share/arm_vr/meshes/waveshare_mounting_plate_so101_v2.part
[0.081s] -- Up-to-date: /home/ubunt2/Documents/arm_vr/install/arm_vr/share/arm_vr/meshes/sts3215_03a_v1.stl
[0.081s] -- Up-to-date: /home/ubunt2/Documents/arm_vr/install/arm_vr/share/arm_vr/meshes/moving_jaw_so101_v1.part
[0.081s] -- Up-to-date: /home/ubunt2/Documents/arm_vr/install/arm_vr/share/arm_vr/meshes/base_motor_holder_so101_v1.stl
[0.081s] -- Up-to-date: /home/ubunt2/Documents/arm_vr/install/arm_vr/share/arm_vr/meshes/plug_collision.stl
[0.081s] -- Up-to-date: /home/ubunt2/Documents/arm_vr/install/arm_vr/share/arm_vr/meshes/wrist_roll_follower_so101_v1_nocamera.stl
[0.082s] -- Up-to-date: /home/ubunt2/Documents/arm_vr/install/arm_vr/share/arm_vr/meshes/upper_arm_so101_v1.stl
[0.082s] -- Up-to-date: /home/ubunt2/Documents/arm_vr/install/arm_vr/share/arm_vr/meshes/under_arm_so101_v1.part
[0.082s] -- Up-to-date: /home/ubunt2/Documents/arm_vr/install/arm_vr/share/arm_vr/meshes/motor_holder_so101_wrist_v1.part
[0.082s] -- Up-to-date: /home/ubunt2/Documents/arm_vr/install/arm_vr/share/arm_vr/meshes/waveshare_mounting_plate_so101_v2.stl
[0.083s] -- Up-to-date: /home/ubunt2/Documents/arm_vr/install/arm_vr/share/arm_vr/meshes/base_so101_v2.stl
[0.083s] -- Up-to-date: /home/ubunt2/Documents/arm_vr/install/arm_vr/share/arm_vr/meshes/moving_jaw_so101_v1.stl
[0.083s] -- Up-to-date: /home/ubunt2/Documents/arm_vr/install/arm_vr/share/arm_vr/urdf
[0.083s] -- Up-to-date: /home/ubunt2/Documents/arm_vr/install/arm_vr/share/arm_vr/urdf/so101_follower.urdf
[0.083s] -- Up-to-date: /home/ubunt2/Documents/arm_vr/install/arm_vr/share/arm_vr/urdf/so101_follower_pybullet.urdf
[0.084s] -- Up-to-date: /home/ubunt2/Documents/arm_vr/install/arm_vr/share/arm_vr/config
[0.084s] -- Up-to-date: /home/ubunt2/Documents/arm_vr/install/arm_vr/share/arm_vr/config/right_arm.json
[0.084s] -- Up-to-date: /home/ubunt2/Documents/arm_vr/install/arm_vr/share/arm_vr/config/left_arm.json
[0.084s] -- Up-to-date: /home/ubunt2/Documents/arm_vr/install/arm_vr/share/arm_vr/src
[0.084s] -- Up-to-date: /home/ubunt2/Documents/arm_vr/install/arm_vr/share/arm_vr/src/so101.py
[0.084s] -- Up-to-date: /home/ubunt2/Documents/arm_vr/install/arm_vr/share/arm_vr/src/teleop.py
[0.084s] -- Up-to-date: /home/ubunt2/Documents/arm_vr/install/arm_vr/share/arm_vr/src/__pycache__
[0.084s] -- Up-to-date: /home/ubunt2/Documents/arm_vr/install/arm_vr/share/arm_vr/src/so101_bridge.py
[0.084s] -- Up-to-date: /home/ubunt2/Documents/arm_vr/install/arm_vr/share/arm_vr/src/zero_arms.py
[0.084s] -- Up-to-date: /home/ubunt2/Documents/arm_vr/install/arm_vr/share/arm_vr/src/so101_bridge_left.py
[0.084s] -- Up-to-date: /home/ubunt2/Documents/arm_vr/install/arm_vr/share/arm_vr/src/tcp_wireless_ros.py
[0.084s] -- Up-to-date: /home/ubunt2/Documents/arm_vr/install/arm_vr/share/arm_vr/src/so101_kinematics.py
[0.084s] -- Installing: /home/ubunt2/Documents/arm_vr/install/arm_vr/share/arm_vr/src/teleop_bullet.py
[0.085s] -- Up-to-date: /home/ubunt2/Documents/arm_vr/install/arm_vr/share/arm_vr/src/so101_bridge_right.py
[0.085s] -- Up-to-date: /home/ubunt2/Documents/arm_vr/install/arm_vr/share/arm_vr/src/teleoperation.py
[0.085s] -- Up-to-date: /home/ubunt2/Documents/arm_vr/install/arm_vr/lib/arm_vr/so101_bridge
[0.085s] -- Up-to-date: /home/ubunt2/Documents/arm_vr/install/arm_vr/lib/arm_vr/teleoperation
[0.085s] -- Up-to-date: /home/ubunt2/Documents/arm_vr/install/arm_vr/share/ament_index/resource_index/package_run_dependencies/arm_vr
[0.085s] -- Up-to-date: /home/ubunt2/Documents/arm_vr/install/arm_vr/share/ament_index/resource_index/parent_prefix_path/arm_vr
[0.085s] -- Up-to-date: /home/ubunt2/Documents/arm_vr/install/arm_vr/share/arm_vr/environment/ament_prefix_path.sh
[0.085s] -- Up-to-date: /home/ubunt2/Documents/arm_vr/install/arm_vr/share/arm_vr/environment/ament_prefix_path.dsv
[0.085s] -- Up-to-date: /home/ubunt2/Documents/arm_vr/install/arm_vr/share/arm_vr/environment/path.sh
[0.086s] -- Up-to-date: /home/ubunt2/Documents/arm_vr/install/arm_vr/share/arm_vr/environment/path.dsv
[0.086s] -- Up-to-date: /home/ubunt2/Documents/arm_vr/install/arm_vr/share/arm_vr/local_setup.bash
[0.086s] -- Up-to-date: /home/ubunt2/Documents/arm_vr/install/arm_vr/share/arm_vr/local_setup.sh
[0.086s] -- Up-to-date: /home/ubunt2/Documents/arm_vr/install/arm_vr/share/arm_vr/local_setup.zsh
[0.086s] -- Up-to-date: /home/ubunt2/Documents/arm_vr/install/arm_vr/share/arm_vr/local_setup.dsv
[0.087s] -- Installing: /home/ubunt2/Documents/arm_vr/install/arm_vr/share/arm_vr/package.dsv
[0.087s] -- Up-to-date: /home/ubunt2/Documents/arm_vr/install/arm_vr/share/ament_index/resource_index/packages/arm_vr
[0.087s] -- Up-to-date: /home/ubunt2/Documents/arm_vr/install/arm_vr/share/arm_vr/cmake/arm_vrConfig.cmake
[0.087s] -- Up-to-date: /home/ubunt2/Documents/arm_vr/install/arm_vr/share/arm_vr/cmake/arm_vrConfig-version.cmake
[0.087s] -- Up-to-date: /home/ubunt2/Documents/arm_vr/install/arm_vr/share/arm_vr/package.xml
[0.087s] Invoked command in '/home/ubunt2/Documents/arm_vr/build/arm_vr' returned '0': CMAKE_PREFIX_PATH=${CMAKE_PREFIX_PATH}:/opt/ros/humble CONDA_PROMPT_MODIFIER=(handtracking) /usr/bin/cmake --install /home/ubunt2/Documents/arm_vr/build/arm_vr
